Sender: LSF System <lsfadmin@ls11>
Subject: Job 18147429: <run_oe_docking> in cluster <lila> Done

Job <run_oe_docking> was submitted from host <lilac-ln02> by user <paynea> in cluster <lila> at Tue Jun  6 16:52:04 2023
Job was executed on host(s) <32*ls11>, in queue <cpuqueue>, as user <paynea> in cluster <lila> at Tue Jun  6 16:53:27 2023
</home/paynea> was used as the home directory.
</data/chodera/paynea/asapdiscovery-sars-retrospective/science/hybrid_docking/cluster_scripts> was used as the working directory.
Started at Tue Jun  6 16:53:27 2023
Terminated at Tue Jun  6 16:54:22 2023
Results reported at Tue Jun  6 16:54:22 2023

Your job looked like:

------------------------------------------------------------
# LSBATCH: User input
#!/bin/bash
#BSUB -J run_oe_docking
#BSUB -oo run_fragalysis_retrospective.out
#BSUB -eo run_fragalysis_retrospective.stderr
#BSUB -n 32
#BSUB -q cpuqueue
#BSUB -R rusage[mem=4]
#BSUB -W 24:00
source ~/.bashrc
conda activate ad-3.9
run-docking-oe \
-l /lila/data/chodera/asap-datasets/mpro_fragalysis_2022_10_12/Mpro_combined_labeled_p_only.sdf \
-r '/lila/data/chodera/asap-datasets/current/sars_01_prepped_v3/Mpro-P*/*_prepped_receptor_0.oedu' \
-o /lila/data/chodera/asap-datasets/retro_docking/sars_fragalysis_retrospective/20230606_hybrid_p_only \
-n 32 \
--omega \
--relax clash \
--hybrid
echo Done
date

------------------------------------------------------------

Successfully completed.

Resource usage summary:

    CPU time :                                   35.07 sec.
    Max Memory :                                 3 GB
    Average Memory :                             1.30 GB
    Total Requested Memory :                     128.00 GB
    Delta Memory :                               125.00 GB
    Max Swap :                                   -
    Max Processes :                              5
    Max Threads :                                44
    Run time :                                   56 sec.
    Turnaround time :                            138 sec.

The output (if any) follows:

Done
Tue Jun  6 16:54:22 EDT 2023


PS:

Read file <run_fragalysis_retrospective.stderr> for stderr output of this job.

